<?xml version="1.0" encoding="UTF-8"?>
<!-- Generated by org.testng.reporters.JUnitReportReporter -->
<testsuite hostname="shrabonis-MacBook-Pro.local" failures="0" tests="3" name="com.easyjobs.qa.testcases.LoginPageTest" time="15.856" errors="0" timestamp="2023-12-15T16:02:23 BDT" skipped="0">
  <testcase classname="com.easyjobs.qa.testcases.LoginPageTest" name="validateLoginPageTitle" time="4.947"/>
  <testcase classname="com.easyjobs.qa.testcases.LoginPageTest" name="loginPageImageTest" time="5.963"/>
  <testcase classname="com.easyjobs.qa.testcases.LoginPageTest" name="loginTest" time="4.946"/>
</testsuite> <!-- com.easyjobs.qa.testcases.LoginPageTest -->
